u v u_raw v_raw uestimate vestimate distance angle 
1331.0 21.0 1331 21 1 1 1331.16565461 0.903915510902 
1267.74508976 12.6891358808 1194 3 1250.05851141 10.3653518647 1267.80859233 0.573466748015 
1245.20864804 7.21799984229 1199 -4 1034.17903079 -44.0133240171 1245.22956787 0.332118072133 
1194.09545053 -1.38139687682 1189 -3 54.9566825042 -193.032607525 1194.09624957 -0.0662829554632 
1196.12066427 -2.56472282901 1202 -6 1220.81665414 -16.9945111838 1196.12341391 -0.122853465299 
1195.89274483 -3.26338566151 1195 -6 1190.77046669 -18.9651846443 1195.89719743 -0.156349941939 
1196.07636209 -3.55137020527 1197 -5 1198.40084184 -7.19707443019 1196.08163441 -0.170121183516 
1197.15863844 -3.88582442313 1204 -6 1207.90524196 -7.2068309932 1197.16494487 -0.185974147733 
1196.63170306 -4.28041734673 1193 -7 1188.2765567 -10.5371268641 1196.63935868 -0.204949277114 
1196.56166121 -4.58195868873 1196 -7 1195.68083542 -8.3740545302 1196.57043396 -0.219399985907 
1196.1522667 -5.50461198699 1199 -8 1190.12049406 -19.0984310804 1196.16493256 -0.263669448357 
1197.17024107 -6.01475027159 1197 -5 1212.0507788 -13.4718457118 1197.18535044 -0.287859565817 
1197.16591819 -6.01475027159 1199 -8 1197.10239455 -6.01475027159 1197.18102762 -0.287860605239 
1197.85244043 -6.50165071945 1199 -7 1207.98046079 -13.6847211623 1197.87008499 -0.310984454678 
1197.43296042 -6.60464539302 1207 -8 1191.43084191 -8.07834189442 1197.4511748 -0.316021423569 
1197.56789532 -6.81126085121 1196 -7 1199.42107363 -9.64889050577 1197.58726495 -0.325870703003 
1197.85646952 -7.0 1199 -7 1201.7104431 -9.52065391522 1197.87692255 -0.334819656124 
1197.61243271 -7.0 1196 -5 1194.14325992 -7.0 1197.63288991 -0.334887880582 
1197.61243271 -7.0 1203 -7 1197.61243271 -7.0 1197.63288991 -0.334887880582 
1199.38507892 -7.0 1204 -5 1216.81496588 -7.0 1199.40550588 -0.33439294009 
1199.71712596 -6.80676662799 1201 -6 1204.60891464 -3.96001084455 1199.73643538 -0.325072308163 
1199.6870577 -6.83762894301 1197 -7 1199.2581771 -7.27783566633 1199.70654311 -0.326554359129 
1198.68381653 -6.73009176255 1195 -6 1186.20588129 -5.39258487526 1198.70270966 -0.321687668277 
1200.4310265 -6.73022970423 1202 -7 1225.73977796 -6.73222782225 1200.44989291 -0.321226050012 
1198.11100872 -6.63866959659 1196 -6 1163.79200324 -5.28426107976 1198.12940084 -0.317469628501 
1198.27790971 -6.58259761883 1197 -8 1200.74905635 -5.75239234982 1198.29598993 -0.314744405259 
1199.62729182 -6.58168250902 1201 -7 1217.77497761 -6.56937530184 1199.64534668 -0.314346671485 
1199.35100016 -6.7584311038 1198 -10 1195.40422812 -9.28325004689 1199.37004214 -0.322862514561 
1199.01106632 -6.72223791562 1200 -5 1193.92799901 -6.18103727298 1199.02991024 -0.321224579863 
1198.01275793 -6.8879709116 1198 -8 1184.82060282 -9.07805106065 1198.03255895 -0.329418289987 
1197.6767886 -7.01536467208 1194 -5 1192.77027577 -8.87582950963 1197.6973346 -0.335604893066 
1198.86454696 -7.01788918585 1206 -5 1216.37463315 -7.05510589188 1198.88508738 -0.335393051467 
1198.86454696 -7.3398087779 1194 -8 1198.86454696 -11.9748775215 1198.88701501 -0.350777585578 
1198.33783241 -6.48772046156 1204 -4 1190.9556902 5.45468183887 1198.35539432 -0.310192467719 
1198.80351684 -6.55549589167 1204 -4 1204.7766731 -7.4248254256 1198.82144063 -0.313311145753 
1200.800168 -6.42359020911 1207 -7 1229.85256845 -4.50428813566 1200.81734914 -0.306496540785 
1200.76026677 -6.58360678429 1191 -8 1200.22209893 -8.74183023181 1200.77831515 -0.314141892699 
1200.327422 -6.58360678429 1196 -9 1193.90921148 -6.58360678429 1200.34547689 -0.314255171747 
1200.53100686 -6.57506962347 1201 -5 1203.46674359 -6.45196195639 1200.5490119 -0.313794454863 
1198.28142287 -6.34738956776 1196 -9 1166.8882607 -3.1700923679 1198.29823406 -0.303497346103 
1200.74407887 -6.68761999758 1204 -7 1237.11552825 -11.7125499343 1200.76270229 -0.319109163775 
1200.36107989 -6.6943893256 1198 -5 1194.75770984 -6.79342627326 1200.37974698 -0.319534084108 
1200.20061741 -6.51910628585 1199 -7 1197.58357542 -3.6603503237 1200.21832213 -0.311209307604 
1200.24032248 -7.41201503026 1204 -8 1200.62514218 -16.0660457988 1200.26320849 -0.353822290906 
1199.8763914 -7.34312314601 1201 -7 1193.89615767 -6.21106931597 1199.89886078 -0.350640045331 
1199.8763914 -7.41101138545 1209 -5 1199.8763914 -8.49041038569 1199.89927816 -0.353881681386 
1201.18784374 -7.20137071253 1201 -7 1223.61402554 -3.61645977143 1201.2094304 -0.343495988077 
1200.90950408 -7.0 1199 -5 1196.16892892 -3.57033059808 1200.92990512 -0.333968473919 
1200.65387562 -6.1374819806 1199 -4 1198.08182865 2.54088192776 1200.66956225 -0.2928810364 
1201.01984759 -6.24839285703 1201 -7 1206.99240205 -8.05842561214 1201.03610134 -0.298082758743 
1200.58176842 -6.12014723037 1207 -6 1194.55083061 -4.35461840556 1200.59736751 -0.292071375861 
1200.38195494 -6.66256546333 1199 -6 1197.01727818 -15.7963936144 1200.40044465 -0.318009580429 
1200.36533123 -6.12320928521 1199 -6 1200.20755767 -1.00424525169 1200.38094875 -0.292270192223 
1200.37298072 -6.12320928521 1204 -8 1200.49681936 -6.12320928521 1200.38859814 -0.292268329735 
1200.36743152 -5.99878213481 1201 -6 1200.27459767 -3.91721208875 1200.38242075 -0.286330691977 
1200.23838928 -6.00035842363 1203 -5 1198.08861556 -6.02661854001 1200.253388 -0.286436721396 
1200.99558678 -6.0023819798 1204 -7 1208.26405695 -6.02180644656 1201.01058615 -0.286352668442 
1201.24615608 -6.14663104458 1198 -4 1205.2729476 -8.46479574843 1201.26188176 -0.293173003496 
1202.61917443 -6.43194160303 1208 -7 1225.89399804 -11.2684049495 1202.63637421 -0.306430832028 
1202.64192216 -6.00432521356 1201 -5 1203.01943256 1.09219060748 1202.6569107 -0.286053253986 
1201.57670301 -5.88934635283 1198 -5 1191.10669169 -4.7592221293 1201.59113579 -0.280824342894 
1202.01375043 -5.40654976674 1212 -4 1208.49719213 1.75556424413 1202.02590946 -0.257709526411 
1203.02786016 -5.19651044201 1205 -5 1214.23666297 -2.87497725766 1203.03908334 -0.247489085367 
1203.01879862 -5.19651044201 1204 -4 1202.88977196 -5.19651044201 1203.03002189 -0.247490949513 
1203.40482842 -5.0 1196 -5 1209.11640659 -2.09249195922 1203.41521557 -0.2380555922 
1201.44935933 -5.20232028469 1200 -6 1172.95056166 -8.1509145035 1201.4606224 -0.248091299752 
1200.43836006 -4.50476561249 1197 -4 1186.88296216 4.84799197865 1200.44681232 -0.215007162673 
1201.87910414 -5.20232028469 1203 -8 1223.07542142 -15.4647883842 1201.89036318 -0.248002593146 
1200.90850321 -4.7933251776 1199 -5 1187.84596717 0.711010531052 1200.91806925 -0.228690065344 
1200.27199834 -5.3434011536 1189 -6 1191.40947818 -13.0025089506 1200.28389223 -0.25506911122 
1200.24153368 -5.40634310286 1198 -8 1199.80460458 -6.30906677645 1200.25370973 -0.258080177006 
1198.44528842 -5.40634310286 1196 -8 1172.02265515 -5.40634310286 1198.45748272 -0.258466985661 
1197.43452718 -5.60297704547 1196 -6 1182.964955 -8.41789404612 1197.44763569 -0.268093651265 
1197.77270323 -5.6717247249 1200 -6 1202.46455295 -6.62552902881 1197.78613161 -0.271306450395 
1198.02575161 -5.80358579696 1190 -3 1201.11737115 -7.41459896058 1198.03980866 -0.277555278499 
1197.61093842 -5.80026997633 1197 -6 1191.64401482 -5.75257320899 1197.62498427 -0.277492782176 
1198.17915316 -5.83321796969 1201 -6 1206.47079071 -6.31400946791 1198.1933523 -0.278936692665 
1198.01272473 -5.83321796969 1200 -3 1195.55895663 -5.83321796969 1198.02692584 -0.278975442056 
1197.84412103 -6.16736493397 1201 -7 1195.33518753 -11.1396907064 1197.85999794 -0.294997364681 
1198.64558234 -6.3383769558 1205 -7 1210.4556095 -8.85834465928 1198.66234073 -0.302974347859 
1198.77662726 -6.43597273104 1199 -7 1200.73778417 -7.89654538094 1198.79390381 -0.307605706731 
1199.14725304 -6.3800440771 1199 -6 1204.22621267 -5.6136122905 1199.16422538 -0.304838416288 
1199.5997385 -6.50498037839 1194 -7 1206.12092736 -8.30555361225 1199.61737541 -0.31069052156 
1199.59664836 -6.63400110364 1200 -7 1199.54499583 -8.79061173495 1199.61499187 -0.316853494249 
1199.59664836 -6.47704710399 1193 -5 1199.59664836 -3.87909836189 1199.61413416 -0.309357196885 
1199.12268135 -6.53132193813 1187 -4 1194.04038577 -7.11330496189 1199.14046846 -0.312072723614 
1199.12265001 -6.40641611577 1201 -5 1199.12212534 -4.31524159558 1199.13976331 -0.30610472826 
1198.25680344 -6.8310293015 1188 -8 1186.77169607 -12.4633528024 1198.27627446 -0.326628572209 
1197.09311183 -6.1525873522 1193 -5 1177.707411 5.14943851645 1197.10892266 -0.294475158994 
1194.74637373 -5.89817940672 1190 -5 1170.84017589 -3.3065281766 1194.7609326 -0.282853372814 
1195.77308339 -5.17579645327 1209 -5 1210.65968534 5.29827226927 1195.78428482 -0.247998089735 
1195.75645253 -5.58869920776 1199 -8 1195.51234716 -11.6492289899 1195.76951263 -0.267785756336 
1195.31322723 -5.58923380665 1191 -7 1188.97187531 -5.59688246681 1195.32629467 -0.267910675296 
1193.32949308 -5.34675694305 1194 -9 1168.20344218 -2.27553592144 1193.34147119 -0.256714142011 
1192.40063326 -5.33773792696 1192 -5 1179.51108743 -5.21258338982 1192.41258029 -0.256480753233 
1194.26028224 -5.56847671591 1203 -7 1221.9478122 -9.00384929795 1194.27326424 -0.26715106144 
1194.29137867 -6.6590936748 1201 -6 1194.74581532 -22.5971413844 1194.30994331 -0.319464760387 
1196.96342222 -5.74908735 1207 -6 1241.4602918 9.40501920045 1196.97722875 -0.275192960887 
1199.57032994 -6.59314551406 1201 -7 1241.96019711 -20.3180323862 1199.58844861 -0.314909095718 
1200.98894704 -6.59314551406 1201 -5 1214.9859628 -6.59314551406 1201.00704431 -0.314537130222 
1199.26349703 -6.4929719038 1196 -6 1175.92276127 -5.13789018287 1199.28107381 -0.310203931482 
1199.30654025 -6.42252348973 1206 -6 1200.01430384 -5.26413371043 1199.32373707 -0.306827287104 
1200.47584082 -6.32621658611 1201 -8 1219.50791376 -4.75868120726 1200.49250952 -0.301932069881 
1202.15029432 -6.32621658611 1210 -8 1225.52623229 -6.32621658611 1202.1669398 -0.301511521908 
1202.41739995 -6.27904776369 1204 -6 1206.88426734 -5.49023298643 1202.4337945 -0.299196989418 
1201.83810146 -6.62363371876 1199 -10 1195.81879311 -10.2041179126 1201.85635358 -0.315768333832 
1201.97710074 -6.74950081172 1195 -7 1203.8204208 -8.41867006515 1201.99605094 -0.321731458538 
1201.15606373 -6.74774504173 1201 -6 1190.28758075 -6.72450302469 1201.17501701 -0.321867621396 
1200.48372317 -6.74877719637 1197 -7 1190.7281536 -6.76375361905 1200.50269287 -0.322097142488 
1199.15620779 -6.88312722632 1196 -8 1179.6195508 -8.86031746821 1199.17596212 -0.328872757571 
1200.48229503 -7.4933108377 1201 -7 1220.03331221 -16.4894838676 1200.50568112 -0.357630855229 
1199.25138054 -7.11651270383 1191 -5 1181.04758808 -1.54410693912 1199.27249551 -0.339996570685 
1198.87893383 -6.99210123547 1198 -7 1193.63449086 -5.24025639703 1198.89932332 -0.334156633527 
1198.15322822 -6.99402323427 1190 -8 1187.58164757 -7.02202159237 1198.17364128 -0.334450930197 
1196.67623756 -7.42469984901 1195 -8 1178.13142431 -12.8321933319 1196.69927037 -0.355483374392 
1196.20022046 -7.0 1191 -7 1189.25179548 -0.800653318327 1196.2207018 -0.335283234111 
1196.79914238 -7.0 1198 -7 1205.60090439 -7.0 1196.81961347 -0.335115449986 
1196.79914238 -7.44169352461 1201 -8 1196.79914238 -13.9271122451 1196.82227837 -0.356260396033 
1194.83228173 -7.49849064246 1189 -6 1167.28412134 -8.29400003321 1194.8558109 -0.359570320324 
1194.16711606 -6.66927500836 1192 -6 1184.22294917 5.72742398698 1194.18573945 -0.319986484665 
1194.71590186 -6.50151882876 1198 -6 1202.47150539 -4.13073880939 1194.73359202 -0.31179455434 
1195.56591691 -7.0 1197 -7 1206.48672169 -13.4043754866 1195.58640913 -0.335461113458 
1194.41893631 -7.0 1186 -7 1177.82004565 -7.0 1194.4394482 -0.335783243804 
1194.99270039 -7.0 1194 -7 1203.69830848 -7.0 1195.01320243 -0.335622024446 
1195.41209716 -7.0 1198 -9 1201.37960899 -7.0 1195.43259201 -0.335504277958 
1196.14918336 -7.32766837878 1189 -8 1207.08685306 -12.1899606113 1196.17162798 -0.35099235588 
1195.78750458 -6.77729247935 1201 -6 1190.48675671 1.28899191055 1195.80671006 -0.324728345461 
1195.78750458 -6.38040128112 1203 -6 1195.78750458 -0.79070862559 1195.80452652 -0.305712005186 
1195.82276688 -6.37876400341 1196 -6 1196.19082705 -6.36167445325 1195.83977957 -0.305624545458 
1196.3230364 -6.7813401435 1195 -8 1204.56840908 -13.4165441465 1196.34225621 -0.324776834028 
1195.65577068 -7.49838636395 1194 -8 1184.85635344 -19.1034803037 1195.67928298 -0.359317681639 
1195.38162306 -7.49797135016 1189 -7 1190.79448277 -7.49102718449 1195.40513815 -0.35938019381 
1196.28251214 -7.59528142763 1204 -6 1205.00059213 -8.53697009428 1196.30662339 -0.36377002782 
1197.78278438 -7.79570030509 1207 -8 1218.93081951 -10.6208312056 1197.80815305 -0.372901017607 
1198.11808817 -7.79570030509 1200 -10 1202.32214775 -7.79570030509 1198.14344974 -0.372796660952 
1198.11808817 -6.90056137706 1192 -7 1198.11808817 6.1996557046 1198.1379599 -0.329991405201 
1197.3100376 -7.49982231704 1196 -7 1185.70911424 -16.1032197417 1197.33352641 -0.358889955352 
1195.40922402 -7.57249553257 1195 -8 1167.41557944 -8.64276785906 1195.43320833 -0.362943686883 
1195.31188593 -7.57249553257 1207 -9 1193.90375452 -7.57249553257 1195.33587218 -0.362973241766 
1198.9886225 -7.50117635925 1205 -6 1252.32438825 -6.46660054877 1199.0120869 -0.358452225036 
1199.99422072 -7.40161059437 1192 -6 1214.51755798 -5.96363351657 1200.01704721 -0.353398094296 
1200.49184125 -6.75425707155 1203 -6 1208.84019442 4.10609839492 1200.51084164 -0.322356493719 
1198.18926202 -6.85944512299 1197 -5 1161.68916441 -8.52686837718 1198.20889648 -0.328005745279 
1198.18926202 -6.85590378468 1205 -8 1198.18926202 -6.82283849116 1198.20887621 -0.327836408848 
1197.38839323 -6.39831837626 1196 -5 1185.92639084 0.150625859046 1197.40548801 -0.306160600729 
1199.57309835 -6.39420871141 1206 -7 1231.38039068 -6.33437578005 1199.59014008 -0.305406734465 
1201.354047 -6.39360831826 1202 -7 1221.72337521 -6.3867414133 1201.37106027 -0.304925358927 
1201.354047 -6.39360831826 1195 -8 1201.354047 -6.39360831826 1201.37106027 -0.304925358927 
1198.15270031 -6.49509068547 1196 -7 1152.15330303 -7.95326694238 1198.17030487 -0.310592830534 
1198.15270031 -6.66534724389 1188 -7 1198.15270031 -9.10195734178 1198.1712399 -0.318734270264 
1198.55170412 -7.1417645245 1201 -10 1204.30624314 -14.0127812701 1198.57298161 -0.341402145056 
1197.54575286 -7.14282072472 1196 -6 1182.89029182 -7.15820825096 1197.56705453 -0.341739451115 
1197.68736408 -7.42679318768 1198 -8 1199.03975953 -10.1387469276 1197.71039043 -0.355283410193 
1196.97884218 -7.4269609253 1191 -8 1187.12633237 -7.42929343836 1197.0018832 -0.355501734775 
1197.17581147 -7.4269609253 1191 -5 1200.04780369 -7.4269609253 1197.1988487 -0.355443246184 
1194.50348939 -7.56841896254 1190 -8 1154.88837316 -9.66542538998 1194.52746604 -0.36302335261 
1194.50348939 -7.70817556493 1200 -8 1194.50348939 -9.74880225148 1194.5283597 -0.369726670035 
1195.3106154 -7.65897201163 1202 -9 1207.40441837 -6.92171653152 1195.33515264 -0.367118605524 
1193.20420205 -7.79309861093 1187 -6 1164.97189361 -9.59080062497 1193.22965107 -0.374206954831 
1195.16980429 -7.79319769687 1201 -7 1224.62467204 -7.79468251557 1195.1952121 -0.373596293321 
1195.14011874 -7.65491691314 1195 -7 1194.71086205 -5.6553594274 1195.16463351 -0.366976580577 
1192.68987413 -7.56195277485 1191 -7 1156.5040973 -6.18903696767 1192.71384623 -0.36326473696 
1192.02556621 -7.56133167029 1194 -8 1182.70177184 -7.5526142504 1192.04954772 -0.363437323807 
1192.51950326 -7.11389710953 1194 -6 1200.07785335 -0.267139976717 1192.54072182 -0.341790171391 
1194.23246922 -7.48893045607 1197 -6 1214.36202893 -11.8960560689 1194.25595021 -0.359292260849 
1196.50682503 -6.76300484523 1199 -6 1234.14287074 5.24961399584 1196.52593811 -0.323848974242 
1196.21059967 -6.77288576333 1198 -8 1191.50581692 -6.92981889623 1196.22977339 -0.324402427803 
1195.36049809 -7.0 1194 -7 1181.22985782 -10.775160113 1195.38099383 -0.335518760044 
1195.74356431 -6.57035135763 1198 -4 1202.08018792 0.536831658278 1195.7616155 -0.314824704315 
1196.16270223 -6.4985064204 1204 -5 1203.08338499 -5.31222381429 1196.18035462 -0.311273146363 
1196.33296338 -6.16888922109 1192 -4 1198.15725566 -2.637149276 1196.34886821 -0.295442986882 
1196.04067613 -6.00519695322 1194 -6 1191.81520642 -3.63876896127 1196.05575178 -0.287673785839 
1196.31965315 -5.67011689973 1202 -5 1200.64229487 -0.478180154681 1196.33309021 -0.271558971893 
1198.00471429 -5.67145964925 1202 -6 1224.61229888 -5.69266203807 1198.01813881 -0.271241231511 
1199.78386212 -5.66988210008 1204 -6 1229.2399808 -5.64376371089 1199.79725927 -0.27076368221 
1199.39813342 -6.00080636144 1197 -7 1195.50368913 -9.34192695014 1199.41314489 -0.286658783125 
1197.42881754 -5.60102776785 1195 -7 1164.96627108 0.988992320463 1197.441917 -0.268001660626 
1200.25361606 -5.60102776785 1207 -7 1241.59512728 -5.60102776785 1200.26668469 -0.267370927522 
1200.11803983 -5.66760535 1197 -6 1198.50909913 -6.4577098095 1200.1314225 -0.2705795944 
1198.99864908 -6.0 1201 -6 1182.54049344 -10.8871253439 1199.01366152 -0.286715758861 
1199.3380796 -6.374836389 1197 -10 1204.29977969 -11.8540895542 1199.35502155 -0.304541135405 
1199.57559197 -6.37514482991 1201 -6 1202.98743286 -6.37957555226 1199.5925322 -0.304495570074 
1199.85001576 -6.33246243985 1205 -6 1203.82905554 -5.7135841622 1199.8667261 -0.302387797054 
1199.49296138 -6.33142840311 1205 -6 1194.42495922 -6.31675136611 1199.50967123 -0.302428416378 
1201.26071523 -6.55476213303 1215 -8 1223.61431378 -9.37886150987 1201.27859835 -0.312635278847 
1201.2543072 -6.49994742283 1197 -5 1201.16064808 -5.69878108927 1201.27189257 -0.310022546917 
1203.50107917 -6.49947036399 1202 -7 1232.89315284 -6.49322952206 1203.51862914 -0.309421077517 
1200.64608698 -6.49851046914 1196 -7 1159.35054193 -6.48462623465 1200.66367348 -0.310111023721 
1201.26384258 -6.4990960857 1202 -6 1210.43771286 -6.50779268075 1201.28142321 -0.30997948167 
1201.01244363 -6.49814547148 1199 -6 1197.33056169 -6.48422318084 1201.03002279 -0.309999017195 
1202.01499922 -6.24633474137 1200 -6 1215.78177702 -2.7885490746 1202.03122882 -0.297737879224 
1200.7879357 -6.28149153264 1194 -9 1183.8509124 -6.76675686659 1200.80436527 -0.299719592717 
1200.17205262 -6.42160244488 1194 -7 1191.08920485 -8.4879136405 1200.18923211 -0.306562051622 
1199.87209431 -6.42266072168 1203 -6 1195.63007464 -6.43762690441 1199.88928375 -0.306689221126 
1196.6791468 -6.49614223497 1189 -7 1166.52091762 -7.19019445902 1196.69677874 -0.311025623023 
1198.76909168 -6.55285073391 1205 -7 1227.69170017 -7.33763588609 1198.78700152 -0.313193720074 
1198.30151488 -6.4961677042 1204 -8 1191.72690473 -5.69914607752 1198.31912309 -0.310605754644 
1201.50571669 -6.62369126763 1201 -9 1253.71318811 -8.70148885752 1201.52397418 -0.315858430503 
1198.10485024 -7.2518932136 1196 -10 1145.30551745 -17.0048911956 1198.12679718 -0.346795858865 
1198.82948624 -7.82177837647 1205 -12 1209.41758378 -16.1487173311 1198.85500261 -0.373821744758 
1196.93411635 -8.24985388237 1194 -9 1169.40344216 -14.4677469655 1196.96254702 -0.394904212086 
1200.08462995 -7.81523419972 1214 -6 1245.16015373 -1.59697509257 1200.110077 -0.373118357272 
1202.06840251 -7.85019047973 1201 -7 1225.7354185 -8.26722963725 1202.09403534 -0.374168714464 
1201.89235925 -8.17849138084 1210 -15 1199.29003794 -13.0315283711 1201.92018493 -0.389873355111 
1202.90711372 -8.14288837528 1201 -2 1217.72015457 -7.62316779766 1202.93467439 -0.387848741923 
1202.49515796 -8.92938927879 1203 -10 1196.56239053 -20.2561565653 1202.52831107 -0.425454449859 
1203.50818355 -9.32650281197 1213 -11 1217.9343448 -14.981664869 1203.54432055 -0.444000763341 
1204.08087106 -9.76501122328 1196 -12 1212.56101677 -16.2582822961 1204.12046718 -0.464654557491 
1202.62153173 -10.5075388886 1197 -12 1178.52128114 -22.7700075578 1202.66743406 -0.500591662998 
1202.2287906 -9.84334018687 1214 -17 1196.76254776 -0.598901319677 1202.26908647 -0.469103095433 
1203.22317238 -11.3346162187 1201 -17 1219.46518291 -35.6927867862 1203.27655843 -0.539722370354 
1200.43292531 -13.4938239059 1195 -20 1173.25387346 -34.5260896368 1200.50876359 -0.644023153644 
1200.02293615 -13.4938239059 1199 -23 1194.22334839 -13.4938239059 1200.09880033 -0.644243166325 
1198.65250598 -14.3263400603 1188 -22 1179.03370386 -26.2444735804 1198.7381174 -0.684768717071 
1198.41023338 -15.5872681387 1199 -22 1194.90004324 -33.8563471497 1198.51159794 -0.745182490121 
1197.82397795 -20.2453973567 1198 -26 1190.78428809 -76.1796937503 1197.9950577 -0.968310374581 
1197.82397795 -20.2453973567 1189 -28 1197.82397795 -20.2453973567 1197.9950577 -0.968310374581 
1197.09300833 -21.0618177032 1191 -31 1186.75377113 -32.6097171671 1197.27827624 -1.00796576348 
1197.92591669 -23.4247133045 1203 -38 1209.90603461 -57.4113671537 1198.15492282 -1.12024137966 
1195.22465966 -24.529622971 1183 -39 1155.3923816 -40.822433525 1195.47634416 -1.17571754068 
1193.47819011 -25.3189151279 1188 -41 1168.20111481 -36.7425310343 1193.74672261 -1.2153128771 
1193.09255163 -30.7626553121 1192 -42 1188.46247263 -96.1216594046 1193.48907733 -1.47698506392 
1189.33972184 -34.9386505682 1188 -49 1134.89447759 -95.5230879974 1189.85279898 -1.68266613198 
1189.61286722 -36.4606848118 1181 -50 1193.54324553 -58.3617342142 1190.1714815 -1.75552034881 
1190.21314504 -40.0557945463 1193 -55 1199.05954167 -93.0375397991 1190.88697923 -1.92752206745 
1190.33063285 -43.362469809 1191 -58 1192.04353384 -91.5717889436 1191.12019515 -2.08630130863 
1190.45714221 -45.1275296752 1190 -60 1192.15603851 -68.8305482631 1191.31217628 -2.17091355764 
1189.45773215 -49.434497802 1184 -62 1177.40091061 -101.393496818 1190.48455099 -2.3798735542 
1188.02210999 -55.6223778828 1187 -70 1167.69815644 -143.2235521 1189.32349793 -2.68059146175 
1189.88145942 -55.6223778828 1198 -78 1216.6809044 -55.6223778828 1191.180816 -2.67640877337 
1190.15798049 -57.6475334562 1206 -88 1194.21118693 -87.3319749547 1191.55329577 -2.77306121659 
1191.10947159 -63.6667755598 1206 -96 1205.30389375 -153.462322829 1192.8098053 -3.05964272033 
1191.74945886 -66.6775417388 1204 -98 1202.13670251 -115.543453862 1193.61328213 -3.20231980806 
1192.94316768 -71.0219070157 1193 -95 1212.10734285 -140.767707873 1195.05544331 -3.40708435829 
1191.73292773 -85.0441992252 1180 -95 1179.80636787 -223.229777758 1194.76352759 -4.08181009643 
1190.33198244 -88.4844121969 1178 -100 1167.70018545 -144.05988825 1193.61623632 -4.25131478931 
1190.41788991 -94.0470239908 1178 -101 1191.83932686 -186.086762884 1194.12712696 -4.51717717462 
1187.71110372 -96.3381263977 1181 -107 1142.80758814 -134.34576551 1191.61180781 -4.63724749916 
1184.52436384 -96.3381263977 1173 -114 1132.08485781 -96.3381263977 1188.43552754 -4.64966851237 
1181.91932224 -98.9305239854 1173 -121 1155.97421682 -124.749700492 1186.05250005 -4.7846912469 
1181.58984448 -100.857119307 1180 -128 1176.51625464 -130.524536988 1185.88646973 -4.87877763465 
1177.55732159 -104.055859568 1169 -127 1114.12011926 -154.376499694 1182.14587405 -5.0498737835 
1178.24653376 -108.633540409 1183 -133 1188.01900018 -173.541320795 1183.24390572 -5.26773962115 
1177.23043242 -119.481679954 1175 -129 1161.20504269 -290.572551033 1183.27822715 -5.79532589996 
1176.14317604 -125.050965153 1176 -131 1164.65515766 -183.896378262 1182.77238488 -6.06905322103 
1176.56742411 -126.182597252 1182 -134 1183.239471 -143.979501865 1183.31439243 -6.12136761638 
1177.00137759 -129.012143363 1181 -139 1183.9982363 -174.634393298 1184.05083336 -6.25526852446 
1177.89106204 -130.332957111 1192 -147 1190.95214387 -149.723266116 1185.07975839 -6.31405979317 
1179.49574176 -131.565823976 1190 -150 1205.73249588 -151.723382251 1186.81075613 -6.36469805759 
1179.81301951 -132.331750734 1182 -154 1182.95763146 -139.923024992 1187.21120836 -6.39973703058 
1180.76562897 -139.008686049 1190 -158 1195.86281006 -244.826343326 1188.92005003 -6.71438759288 
1181.99879601 -142.592794862 1190 -161 1201.74752759 -199.991022954 1190.56871239 -6.87875029822 
1186.21591915 -149.498339092 1188 -164 1255.15845291 -262.391821263 1195.59941462 -7.18309415112 
1186.95754175 -151.442211144 1196 -169 1196.57046411 -176.638707646 1196.57968779 -7.27100170067 
1190.00581878 -155.681142845 1202 -175 1220.10803559 -197.541262425 1200.14601902 -7.45332588795 
1190.90763179 -159.259250213 1200 -180 1202.90141026 -206.846750749 1201.50925766 -7.61693344211 
1191.90922781 -163.539729146 1198 -183 1208.18324561 -233.08931679 1203.07641085 -7.81266762766 
1191.7674528 -165.250589723 1191 -185 1189.66463268 -190.626232833 1203.16973822 -7.89430153588 
1192.62728391 -169.719426004 1196 -184 1205.28484765 -235.505112823 1204.64290223 -8.09921966044 
1193.42518236 -179.137822536 1188 -183 1204.9180077 -314.799179882 1206.79493923 -8.53658982494 
1194.12308317 -179.98132434 1194 -189 1203.52984045 -191.350585696 1207.6105394 -8.57125165843 
1194.97951864 -181.66145909 1189 -192 1207.01150894 -205.265531775 1208.70878862 -8.64395413878 
1193.93725443 -184.034767764 1184 -197 1179.48829844 -216.936053713 1208.03764977 -8.7626683758 
1192.64200338 -185.210273419 1185 -201 1173.94924401 -202.174895347 1206.9373611 -8.82718792485 
1189.53983503 -187.633505739 1176 -202 1138.42955073 -227.557867876 1204.24721366 -8.9637644397 
1188.49744256 -191.423547388 1176 -209 1172.03441063 -251.28159362 1203.81441488 -9.14967963915 
1187.37726725 -196.177036062 1173 -216 1176.91169148 -240.587938044 1203.47422252 -9.38158820323 
1182.98352222 -197.09482988 1174 -264 1126.35275805 -208.924229378 1199.28995068 -9.45906633776 
1180.46032749 -198.668432645 1172 -276 1144.41751278 -221.146710803 1197.06128954 -9.55320834428 
1178.85346519 -202.831996651 1178 -264 1156.17232306 -261.601430005 1196.1757025 -9.7626479497 
1177.23800481 -212.52331111 1144 -252 1154.24682046 -350.449811737 1196.26731031 -10.2332213987 
1177.23800481 -231.162115348 1193 -254 1177.23800481 -496.175955082 1199.71881853 -11.1092416939 
1175.64558637 -228.812512379 1171 -219 1153.15242569 -195.624001085 1197.70518517 -11.0136256309 
1174.45885426 -231.973140042 1176 -223 1158.85920047 -273.519750925 1197.14875352 -11.1729587001 
1174.32445216 -234.051004089 1175 -225 1172.40066022 -263.792936519 1197.42130909 -11.271744838 
1174.44061602 -234.667200754 1177 -223 1176.01617713 -243.024839277 1197.65581686 -11.299568799 
1174.18742656 -233.678466136 1171 -229 1170.5048189 -219.297450208 1197.21415721 -11.2555417543 
1174.71601182 -233.121527153 1178 -230 1182.16147855 -225.276679802 1197.6240457 -11.2244737183 
1175.59601976 -227.914131419 1179 -238 1188.15215972 -153.613904813 1197.48522036 -10.971885792 
1175.3922055 -230.385523595 1176 -245 1172.45600175 -265.989073446 1197.75804161 -11.0898016517 
1176.82419762 -230.385523595 1185 -257 1196.26105233 -230.385523595 1199.16332565 -11.0766411934 
1176.56660364 -230.385523595 1175 -259 1173.0785409 -230.385523595 1198.91053139 -11.0790062874 
1176.56660364 -233.379051312 1168 -263 1176.56660364 -275.733196323 1199.48937236 -11.2193327856 
1175.83862257 -242.954186337 1166 -271 1165.07056889 -384.586396339 1200.67614409 -11.6742861593 
1175.46128912 -252.571606966 1172 -273 1169.54909856 -403.26066996 1202.29017249 -12.126771793 
1174.14410566 -255.553177264 1162 -277 1153.2308003 -302.892436937 1201.63297527 -12.27895947 
1173.46729955 -261.003906105 1157 -277 1163.65401599 -340.036211799 1202.1433118 -12.5396667424 
1171.14040512 -267.759691813 1150 -283 1142.10194323 -352.068469984 1201.35968846 -12.8782773141 
1168.23653486 -267.759691813 1147 -288 1125.70938605 -267.759691813 1198.52903758 -12.9092175376 
1166.56252064 -273.924313683 1164 -292 1142.95927626 -360.844170557 1198.29155224 -13.2144096895 
1161.81246653 -278.389530145 1154 -295 1094.49860893 -341.666903123 1194.70035485 -13.4749596017 
1159.20191728 -279.733731839 1154 -301 1122.5382832 -298.612256698 1192.47643404 -13.5669955141 
1157.06771741 -285.157993554 1153 -305 1124.67102774 -367.497106272 1191.68820753 -13.8445860262 
1157.19752277 -291.753295963 1158 -309 1159.07817401 -387.307618203 1193.40944039 -14.1505388135 
1156.0186626 -293.519786034 1161 -314 1141.50121363 -315.273790472 1192.69988391 -14.2466684489 
1156.0186626 -298.042994122 1162 -319 1156.0186626 -363.634902157 1193.8210815 -14.4570775887 
1154.717554 -300.505116708 1140 -314 1136.2961185 -335.364491574 1193.17892819 -14.5871617359 
1154.12613813 -305.80317256 1136 -322 1144.85067086 -388.895199429 1193.95256315 -14.8403597862 
1155.82454667 -312.078246233 1141 -336 1183.81213838 -415.483402118 1197.21477374 -15.1098347205 
1153.91131932 -314.301896245 1151 -341 1134.74043782 -336.583268543 1195.950256 -15.2365756371 
1149.30726912 -315.858550321 1135 -340 1086.79345158 -336.994807477 1191.92022496 -15.3669373788 
1145.96655679 -321.527841499 1135 -346 1092.41482707 -412.40676758 1190.2182582 -15.6727118904 
1142.01615749 -332.040757818 1142 -349 1080.89816307 -494.68972357 1189.30734834 -16.2117689626 
1142.70154524 -336.830719238 1146 -353 1153.46237376 -412.034796383 1191.31093965 -16.4237778915 
1142.70154524 -342.46073514 1158 -355 1142.70154524 -434.282747997 1192.91499136 -16.683155168 
1143.69587337 -345.670396386 1149 -354 1153.53835951 -377.441644975 1194.79214666 -16.8169057586 
1144.42739693 -346.737492455 1144 -354 1153.48361037 -359.9480715 1195.80138632 -16.8557076103 
1144.42739693 -351.025147136 1135 -350 1144.42739693 -419.486893664 1197.0516784 -17.0521157931 
1145.24270144 -350.87700636 1135 -350 1158.3168424 -348.501435791 1197.78776033 -17.0339046883 
1139.92687975 -352.099050159 1138 -357 1052.64347299 -372.164460953 1193.06623131 -17.164800786 
1140.51103051 -352.725990685 1130 -361 1145.91004999 -358.520494969 1193.80946353 -17.185276079 
1141.28057537 -354.243136575 1129 -370 1151.84940374 -375.079419622 1194.99353619 -17.2438686619 
1138.16885984 -355.678718325 1131 -369 1101.54942376 -372.572998536 1192.44945561 -17.3540681876 
1133.93503226 -356.23462746 1129 -372 1072.61308477 -364.286308856 1188.57552018 -17.4405223223 
1132.47160111 -359.047789157 1124 -371 1109.2940599 -403.60210328 1188.0266168 -17.5911110392 
1132.5383574 -363.638722418 1133 -374 1133.58275189 -435.463340721 1189.4857088 -17.8009372346 
1131.74425295 -367.353346865 1126 -372 1120.41886582 -420.330710293 1189.87122646 -17.982933971 
1129.69814531 -369.849728806 1123 -370 1099.90678386 -406.197091469 1188.69959258 -18.1278308667 
1129.04271879 -371.351762205 1125 -373 1119.90824824 -392.285123152 1188.54515781 -18.20647559 
1127.49395326 -371.54166678 1126 -373 1108.49831278 -373.870850237 1187.13344861 -18.238537214 
1126.98311821 -371.869796382 1127 -377 1119.56143516 -376.637037606 1186.75106665 -18.2613021185 
1126.57988266 -372.740695098 1132 -384 1120.63246547 -385.585787474 1186.64141921 -18.3073357033 
1126.57988266 -372.740695098 1132 -395 1126.57988266 -372.740695098 1186.64141921 -18.3073357033 
1125.60258965 -374.241007537 1122 -402 1109.81214549 -398.482048534 1186.18612433 -18.3909645893 
1126.39958871 -377.225575757 1128 -415 1138.66733726 -423.165319583 1187.88685002 -18.5154396145 
1126.50298135 -380.770499685 1127 -425 1127.98225684 -431.488993071 1189.11527634 -18.6758234766 
1126.60176564 -388.367511509 1123 -430 1128.13677286 -506.417335306 1191.66306578 -19.0203399183 
1125.41229421 -398.874628747 1118 -439 1106.51516235 -565.801193373 1194.0074545 -19.5156161951 
1125.47772838 -408.573697744 1111 -444 1126.50497453 -560.83864654 1197.34397045 -19.9520344187 
1124.1799468 -417.611319124 1114 -458 1111.14440007 -508.389565011 1199.24132961 -20.3790672363 
1123.14720861 -425.685819847 1084 -452 1106.80377139 -553.467572695 1201.11118113 -20.7572892967 
1120.57016273 -434.112366185 1102 -468 1079.25055652 -569.221166163 1201.72003232 -21.1765227121 
1114.81907993 -440.923662184 1113 -478 1025.24641912 -547.009059895 1198.84747022 -21.5793621986 
1113.62825249 -452.45032988 1114 -511 1096.14359484 -621.69385942 1202.03127487 -22.1111640914 
1114.24204569 -456.41711019 1119 -534 1120.53716808 -497.100792604 1204.0979673 -22.2750440331 
1114.24204569 -465.026192949 1134 -545 1114.24204569 -589.560610743 1207.38755026 -22.6530979067 
1112.91866138 -474.353278944 1136 -537 1094.07963767 -607.128915157 1209.79294926 -23.0848942796 
1113.79584783 -469.312404433 828 -384 1126.77331697 -394.735565037 1208.6336598 -22.8487593696 
1110.67598167 -475.953813377 1080 -485 1066.94171617 -569.053045015 1208.35970172 -23.196403606 
1110.28338937 -494.469493868 1180 -568 1103.86533974 -797.161507727 1215.41321577 -24.0060067712 
1104.48792475 -508.036840277 1038 -508 1018.59284151 -709.119656878 1215.72817973 -24.7012482864 
1094.65455696 -509.905581495 1019 -480 942.728072493 -538.777814248 1207.58945884 -24.9767699114 
1078.4211709 -507.438710969 988 -460 916.595889201 -482.84729078 1191.84154451 -25.1987919656 
1068.11344013 -497.5691206 1035 -480 903.415208501 -339.871551849 1178.32141234 -24.9779497272 
1031.74063308 -491.170361654 1036 -488 467.05830894 -391.830597542 1142.68852191 -25.4572470459 
1034.75115019 -491.197874971 1051 -533 1082.20154272 -491.631527275 1145.41926611 -25.3937599771 
1039.5887965 -491.197874971 1080 -564 1088.15188271 -491.197874971 1149.79138029 -25.2903815479 
1047.73322158 -500.419424126 977 -522 1162.50780289 -630.373280109 1161.10486333 -25.5301222189 
1047.470491 -513.454645362 1077 -576 1044.34758213 -668.395907756 1166.54622813 -26.1134150889 
1036.22148631 -513.454645362 1107 -590 874.511209782 -513.454645362 1156.45606987 -26.3587215858 
1049.20414224 -535.996490528 1157 -627 1226.89200056 -844.516735645 1178.18571115 -27.0606742222 
1051.53286903 -535.996490528 1035 -473 1085.83724898 -535.996490528 1180.25997666 -27.0092447882 
1056.11184363 -552.084714182 1190 -568 1120.02949781 -776.659341798 1191.70875548 -27.5984143628 
1069.0958631 -545.7996915 1121 -394 1225.75101259 -469.969462649 1200.359641 -27.0454277142 
1089.71047817 -541.983301548 1110 -464 1386.37291511 -487.062094454 1217.05169381 -26.4441212159 
1101.04803363 -561.469793997 1109 -562 1257.9070463 -831.072176804 1235.94300108 -27.0189095255 
1111.02346702 -561.009665453 1143 -648 1252.84916838 -554.467788929 1244.63046282 -26.7914257736 
1111.02346702 -532.503706228 997 -437 1111.02346702 -104.0339155 1232.04437477 -25.6079874521 
1113.15485739 -515.351954893 1091 -477 1144.33234503 -264.460086017 1226.66269771 -24.8424943885 
1110.23309927 -508.188975893 1094 -509 1066.72587583 -401.526714754 1221.01333733 -24.5950753827 
1106.56727039 -499.048104989 1086 -513 1055.18804316 -370.932227688 1213.89461445 -24.2747837763 
1106.56727039 -513.497646639 1162 -505 1106.56727039 -722.9545977 1219.90612631 -24.8934488038 
1105.35999245 -489.436319218 1128 -468 1088.11107535 -145.661426792 1208.87080513 -23.8830222078 
1100.5393586 -491.134055647 1085 -325 1029.61327066 -516.112887663 1205.15540095 -24.0496151448 
1096.40698543 -484.737161821 1082 -396 1039.61020746 -396.816022237 1198.78204597 -23.8509050541 
1089.75317821 -482.897028416 1060 -471 992.682042326 -456.051669978 1191.95282183 -23.8993359955 
1083.22745988 -469.817223793 1020 -461 991.463882897 -285.891164039 1180.72433431 -23.4473336608 
1081.85491132 -462.758440937 863 -310 1061.47727539 -357.959739417 1176.67133211 -23.1585936663 
1077.94481873 -442.919128058 1060 -423 1020.38900849 -150.888261941 1165.39366148 -22.3373786785 
1061.73747177 -441.901565277 1035 -437 822.529228998 -426.883104484 1150.02758765 -22.5973742087 
1057.7047179 -437.629359068 1059 -413 996.847401155 -373.158524733 1144.66533371 -22.4775122537 
1058.73621159 -412.287927318 1066 -392 1075.81143482 7.21110564965 1136.17943158 -21.2766926465 
1058.76580193 -412.287927318 1059 -276 1059.01989021 -412.287927318 1136.20700506 -21.2761511835 
1054.32971534 -401.133975363 1043 -338 984.971266242 -226.741344938 1128.06011136 -20.8299932136 
1048.5428246 -396.419770047 1030 -364 966.67131373 -329.724349497 1120.97755959 -20.7099667249 
1048.69467486 -396.419770047 1062 -462 1050.91990779 -396.419770047 1121.11959896 -20.7072223425 
1052.02856799 -396.419770047 1099 -501 1100.5751632 -396.419770047 1124.23873886 -20.647143826 
1058.35515577 -409.235834429 1103 -420 1155.51409258 -606.055231076 1134.72005531 -21.1400684889 
1063.37141316 -411.659761049 1151 -438 1142.03125014 -449.669308368 1140.27300292 -21.1627648034 
1069.39391357 -415.109461913 1204 -473 1168.15804938 -471.681766026 1147.13521773 -21.2148500553 
1089.85913849 -424.366777038 1260 -497 1383.11829732 -557.020703766 1169.56406545 -21.2748260363 
1112.08512894 -432.399351053 1321 -438 1443.75201992 -552.265273587 1193.19006567 -21.2470057912 
1150.54439534 -445.23291625 1191 -357 1507.62662077 -564.388543762 1233.68746259 -21.1552349234 
1164.01417193 -421.492447313 1232 -199 1382.76088212 -35.9515704049 1237.97612077 -19.9054484594 
1195.46683566 -430.475361093 1209 -255 1691.96629157 -572.276126926 1270.6100864 -19.8034288419 
1195.46683566 -407.813280766 1084 -322 1195.46683566 -28.8928283819 1263.11227812 -18.836206518 
1195.46683566 -386.432122523 1071 -337 1195.46683566 -30.2740449439 1256.37205496 -17.9133165018 
1172.74416736 -379.409812411 899 -227 945.32284485 -309.126559051 1232.59104647 -17.9275916773 
1142.61996617 -341.21854966 1046 -348 753.927442468 151.563257388 1192.48081147 -16.627108729 
1126.86626409 -350.857915536 1097 -387 891.996838002 -494.569680541 1180.22406942 -17.2943526099 
1100.30366234 -355.958949582 1052 -380 708.558984492 -431.188889724 1156.44927392 -17.9268993433 
1072.59196915 -347.072730009 1086 -369 685.294581937 -222.879321864 1127.34777784 -17.9307089784 
1066.04859147 -322.278829509 1029 -213 973.251355129 29.3446826587 1113.69800364 -16.8206746261 
1060.78565938 -322.278829509 1024 -199 984.35777917 -322.278829509 1108.66129142 -16.8993821023 
1055.29420925 -315.926295593 1054 -260 975.711164034 -223.864275235 1101.56946777 -16.6662655003 
1055.86975188 -320.648542857 1086 -340 1064.29747456 -389.79683548 1103.48376561 -16.8925869276 
1058.7011119 -336.391742005 1095 -368 1094.01748538 -532.761224254 1110.85887872 -17.6271366693 
1066.63204256 -336.391742005 1076 -246 1184.31130807 -336.391742005 1118.4200098 -17.5041016828 
1077.78808334 -281.556605395 1134 -279 1228.90425232 461.222659914 1113.95748331 -14.6405076371 
1074.53333338 -285.958841963 1186 -303 1027.48383917 -349.595989805 1111.93270653 -14.9023716938 
1088.54178451 -275.392014986 1216 -287 1293.53690902 -120.760500598 1122.83746755 -14.1974572274 
1105.82439555 -271.529759385 1278 -252 1350.43708573 -216.864597346 1138.67291354 -13.7957602434 
1130.58641278 -271.529759385 1203 -177 1493.77299044 -271.529759385 1162.73558774 -13.5047903865 
1160.94134093 -271.529759385 1185 -65 1626.82419174 -271.529759385 1192.27228741 -13.1641348745 
1180.43874055 -258.209495796 1158 -124 1359.33487056 -135.990961365 1208.34918956 -12.3385555706 
1179.74259976 -254.611186714 1172 -214 1169.58229061 -202.093171349 1206.90490847 -12.1787393589 
1179.74259976 -234.091949714 1113 -222 1179.74259976 68.564842587 1202.74338186 -11.2232074284 
1172.76104548 -206.970062311 922 -167 1069.19481071 195.363235198 1190.88415746 -10.0085592931 
1169.57751769 -216.608781503 1108 -257 1123.79315161 -355.229417923 1189.46665952 -10.4924409789 
1155.27153601 -221.821178677 1071 -253 917.020052255 -308.628319104 1176.37449701 -10.8689579191 
1135.44321773 -214.08649057 1075 -245 800.399471288 -83.3916507209 1155.44983714 -10.677696866 
1112.52506803 -204.992152265 897 -207 748.39882476 -60.5002414766 1131.25320309 -10.4401314165 
1076.69910837 -212.534332037 1026 -215 736.927496923 -284.063988149 1097.47519892 -11.166310672 
1068.49964242 -217.971087371 1025 -203 949.726086423 -296.725334095 1090.50579127 -11.5299842012 
1060.52107725 -210.443810053 1012 -204 947.439043507 -103.757982466 1081.19912712 -11.2236515918 
1041.27216115 -220.35141328 1040 -243 762.365853305 -363.907186545 1064.3319308 -11.9485118127 
1047.82665759 -228.620148669 1084 -294 1140.78337442 -345.888424224 1072.47744812 -12.3081945035 
1048.77955364 -242.037571114 1055 -306 1062.41596821 -434.047534036 1076.34601219 -12.9952143318 
1048.92966712 -238.231423306 1050 -290 1051.1271568 -182.513775069 1075.64290432 -12.7958679412 
1043.56512161 -241.871700887 1064 -269 976.658982184 -287.272922465 1071.22830561 -13.0492858298 
1045.02605198 -246.989438252 1087 -264 1065.92036653 -320.183627877 1073.81713151 -13.297702149 
1052.78682173 -255.021292066 1110 -245 1173.73077226 -380.189820596 1083.23402431 -13.6167265575 
1069.43502135 -253.143546889 1165 -246 1340.44481938 -222.576437362 1098.98722478 -13.3172413824 
1069.43502135 -252.394775712 1169 -248 1069.43502135 -240.682397055 1098.81499248 -13.279247912 
1074.53849212 -254.543319502 1199 -255 1125.86290875 -276.150723896 1104.27590417 -13.3269224466 
1112.53905891 -255.619660202 1183 -251 1673.57368302 -271.510591606 1141.52729634 -12.9398351155 
1133.65981474 -252.683788429 1143 -244 1395.24478327 -216.322403851 1161.47908828 -12.5653761476 
1130.68910346 -252.683788429 1116 -233 1088.81175637 -252.683788429 1158.57971052 -12.5973373541 
1136.15164691 -247.915737758 1117 -229 1216.12500666 -178.109971406 1162.88553943 -12.3093687673 
1134.82439084 -246.271690074 1126 -236 1115.62131972 -222.485199091 1161.23905522 -12.2440771334 
1137.22560187 -242.612957514 1127 -236 1172.67065847 -188.605216763 1162.81688872 -12.0428078526 
1142.01142056 -239.516061917 1123 -234 1212.77313764 -193.726268272 1166.85818701 -11.8450582971 
1129.47432219 -237.523061377 1121 -233 946.473848503 -208.43179702 1154.17912352 -11.8759790808 
1124.61765419 -236.124922461 1124 -237 1047.45392734 -213.911007603 1149.13874146 -11.8575938217 
1124.7503711 -234.815253911 1126 -236 1126.56029521 -216.954676894 1149.00026143 -11.7923198859 
1125.04872241 -234.83918453 1129 -235 1129.92512743 -235.230318692 1149.29720716 -11.7904480617 
1124.45292686 -234.536117971 1125 -234 1114.73587673 -229.593293309 1148.65206889 -11.7817223145 
1125.10807507 -234.79569131 1125 -235 1131.93111285 -237.499016578 1149.34642177 -11.7877210626 
1124.98390918 -234.965368675 1124 -234 1123.13541497 -237.491405678 1149.2595531 -11.7972664305 
1124.83146658 -234.567613634 1106 -231 1122.68771034 -228.974099457 1149.02906559 -11.779405632 
1123.8041672 -234.243216481 1123 -235 1108.83486778 -229.516261328 1147.95718155 -11.7740228016 
1123.46056532 -234.512735357 1119 -237 1118.7112126 -238.238093943 1147.67585357 -11.7906952373 
1123.36929134 -234.990298437 1120 -236 1122.16971588 -241.266709125 1147.68419223 -11.8149646526 
1122.75776148 -235.111331641 1119 -236 1113.63588221 -236.916722256 1147.11042591 -11.8271360002 
1121.30916941 -234.994597682 1115 -235 1100.1852752 -233.292340815 1145.66867564 -11.8362703261 
1121.27504252 -234.753088093 1121 -233 1120.79186271 -231.333715742 1145.58575993 -11.8247982946 
1120.71563518 -234.742845821 1126 -234 1115.45099017 -234.646454657 1145.03612983 -11.8300327451 
1120.27677525 -234.704208718 1122 -230 1113.93486603 -234.145868834 1144.59867148 -11.832643437 
1119.25771826 -234.691661617 1116 -234 1103.54774521 -234.498233168 1143.5987128 -11.8424974072 
1121.04670495 -234.604214329 1123 -234 1144.97232834 -233.434708213 1145.33176506 -11.8198495925 
1120.64438929 -234.557893286 1120 -237 1114.12236448 -233.806972972 1144.92849233 -11.8217046663 
1119.45365028 -234.557893286 1110 -232 1102.70229322 -234.557893286 1143.76303509 -11.8339247688 
1120.75439906 -234.184537398 1124 -235 1140.06283262 -228.642408557 1144.95974627 -11.8022897559 
1121.0269737 -234.158100602 1121 -234 1125.18396215 -233.754917611 1145.22115412 -11.7982058309 
1122.03129964 -234.019552038 1123 -236 1133.12044185 -232.489784991 1146.17598479 -11.7811611307 
1122.19436765 -234.161872783 1126 -234 1124.8459943 -236.476131047 1146.36468082 -11.7864604749 
1120.7566592 -234.679215032 1117 -236 1097.1312378 -243.180541301 1145.06323978 -11.8264956355 
1120.78297284 -234.721684165 1122 -235 1121.13284904 -235.286369759 1145.09769943 -11.8283056615 
1121.74734232 -234.819742237 1124 -237 1137.89126067 -236.461272321 1146.06169613 -11.8232213021 
1121.37158407 -234.94951378 1120 -233 1115.20004201 -237.080912197 1145.72051722 -11.8334234644 
1121.85814994 -234.94951378 1124 -237 1126.67521615 -234.94951378 1146.1967469 -11.8284357571 
1122.54493628 -234.956623277 1114 -235 1133.82090316 -235.073350184 1146.870415 -11.821750318 
1122.24547595 -234.956549104 1122 -235 1117.28329336 -234.95532003 1146.57729275 -11.8248124062 
1122.46226874 -234.950541543 1116 -234 1125.87764401 -234.855897818 1146.78825496 -11.8222990583 
1120.64337747 -234.559976748 1111 -231 1101.10163927 -230.363840847 1144.92792881 -11.8218170912 
1120.01003184 -235.149373143 1123 -236 1109.51576348 -244.915421231 1144.42898386 -11.8571953757 
1120.11972849 -234.419730744 1118 -233 1121.93770431 -222.327545634 1144.38665508 -11.8203154884 
1119.76921795 -234.407673377 1120 -235 1114.45799043 -234.224970117 1144.04110888 -11.8233203029 
1119.46402627 -233.967843387 1121 -233 1116.62318541 -229.873737566 1143.6523326 -11.8048855673 
1119.69965259 -234.379685637 1138 -238 1123.00676622 -240.160063474 1143.96728495 -11.822662164 
1118.98416412 -234.455381816 1118 -235 1110.30107119 -235.374022695 1143.28250472 -11.8337216748 
1119.83877959 -234.453426605 1121 -235 1132.02769787 -234.425540487 1144.11856969 -11.8248491873 
1119.5969741 -234.460375288 1120 -235 1115.94449152 -234.565335446 1143.88332097 -11.8276718001 
1119.44016974 -234.468791587 1114 -234 1116.98115272 -234.60077658 1143.73157159 -11.8296945357 
1120.77695793 -235.013801718 1125 -235 1142.78019399 -243.984547181 1145.15172637 -11.8426726254 
1119.76376935 -234.355052158 1104 -231 1102.67181727 -223.242297597 1144.02499519 -11.8207967181 
1120.16745356 -234.623697259 1121 -235 1124.13035969 -237.260945127 1144.47516501 -11.8298206973 
1120.18848038 -234.631867294 1108 -235 1120.50020724 -234.752989722 1144.49742015 -11.8300052205 
1119.57861828 -234.760136535 1117 -234 1109.84285338 -236.807811195 1143.92683517 -11.8425555934 
1118.81556378 -234.760136535 1120 -236 1105.94819386 -234.760136535 1143.18003283 -11.8504041476 
1118.59978668 -234.755545326 1116 -235 1115.13189783 -234.68175713 1142.96791242 -11.8524001822 
1117.85118586 -234.72302828 1115 -232 1110.72823133 -234.413627817 1142.22859959 -11.8585164733 
1118.04904728 -234.714796194 1122 -235 1120.94356384 -234.594368935 1142.42054765 -11.8560732182 
1118.66815209 -234.698606295 1128 -234 1127.77495497 -234.460458876 1143.02312763 -11.8489030178 
1119.13446681 -234.691902704 1122 -235 1124.74199478 -234.61129068 1143.47813447 -11.8437766217 
1118.97929097 -234.691902704 1118 -236 1116.69484602 -234.691902704 1143.32626262 -11.8453726729 
1118.75395288 -234.66681079 1120 -235 1115.35533426 -234.288366772 1143.10057264 -11.8464602357 
1119.21392855 -234.599727669 1113 -233 1125.70800156 -233.652628246 1143.53699113 -11.838439456 
1118.62302838 -234.60630934 1116 -234 1109.89682975 -234.703505075 1142.9600168 -11.8448392855 
1117.89197027 -234.60630934 1115 -233 1107.00037404 -234.60630934 1142.24453493 -11.8523663233 
1118.13760419 -234.033837351 1124 -234 1121.77169008 -225.564272788 1142.36751483 -11.8217355888 
1120.55832548 -234.521687813 1122 -235 1159.05840509 -242.280648621 1144.83683679 -11.820813531 
1118.12205475 -234.379646927 1115 -234 1079.99387886 -232.156675638 1142.42319138 -11.838870834 
1118.92610508 -234.44922091 1136 -237 1126.59102084 -235.112461372 1143.22441621 -11.8340161826 
1118.32710815 -233.925322575 1117 -232 1109.4075836 -226.124073817 1142.53077743 -11.8144622884 
1117.61967239 -233.804921474 1110 -233 1107.44408714 -232.073101106 1141.81367719 -11.8158167427 
1116.84648723 -233.749083443 1113 -234 1105.50209214 -232.929811797 1141.04544609 -11.8210222342 
1117.63820213 -233.861501351 1119 -232 1129.3321359 -235.521957116 1141.84340111 -11.8184052782 
1117.37334056 -233.838557046 1114 -232 1113.90221185 -233.537861726 1141.57945538 -11.8200007406 
1117.87840937 -234.002304424 1119 -234 1125.120738 -236.350325691 1142.10735775 -11.822851119 
1116.73823549 -233.122725718 1115 -232 1098.6333067 -219.155812395 1140.81133052 -11.7913451329 
1116.75997308 -233.016142524 1122 -234 1117.12310488 -231.235644646 1140.81083452 -11.7858819888 
1116.15248753 -232.801496045 1107 -232 1106.23784134 -229.298295214 1140.17231679 -11.78155835 
1116.41978329 -232.28798822 1118 -233 1119.08607773 -227.165710725 1140.32926911 -11.7535585229 
1115.73613854 -232.282732573 1112 -232 1105.71682189 -232.205707202 1139.65889576 -11.7603010738 
1115.76826756 -232.284695985 1116 -233 1116.18192659 -232.30997478 1139.69075055 -11.760068497 
1116.52371835 -232.248871018 1119 -232 1126.36344964 -231.782251558 1140.42305822 -11.750570759 
1116.3964351 -232.376929506 1118 -233 1114.51941535 -234.26538155 1140.32453173 -11.758172662 
1116.3940118 -232.431702549 1114 -231 1116.35900536 -233.222940439 1140.33332229 -11.7608917847 
1115.65562502 -232.431702549 1113 -234 1104.84379218 -232.431702549 1139.61044659 -11.7684586094 
1115.75146816 -232.50541032 1110 -231 1117.1716737 -233.597613523 1139.71930953 -11.771103437 
1114.00245522 -232.573117501 1115 -233 1088.16990057 -233.573138384 1138.02096871 -11.7924044913 
1114.00245522 -232.664801778 1106 -231 1114.00245522 -233.869564732 1138.03970942 -11.7969230088 
1114.00245522 -232.597032586 1118 -231 1114.00245522 -231.588608157 1138.02585639 -11.7935831235 
1113.67722834 -232.592616203 1107 -232 1108.43607351 -232.521444519 1137.706594 -11.7967129851 
1112.41325985 -231.794738516 1110 -232 1099.29206677 -223.512010544 1136.30632379 -11.7703609941 
1112.86624321 -232.489130898 1115 -234 1119.65891795 -242.90183468 1136.8915829 -11.7999634881 
1112.74358401 -231.634274853 1112 -232 1110.89527108 -218.752718053 1136.59699148 -11.7590453595 
1112.59166127 -232.190567156 1113 -232 1110.41925512 -240.145220884 1136.56177316 -11.7880611525 
1112.52653011 -232.327111881 1117 -233 1111.72120568 -234.015440717 1136.52592013 -11.7954704027 
1113.1527252 -232.327111881 1114 -234 1122.14848197 -232.327111881 1137.1388994 -11.7890207056 
1113.34876847 -232.166293496 1116 -232 1116.23152477 -229.801508298 1137.29796803 -11.7790719141 
1113.85712844 -232.166293496 1113 -234 1121.09721653 -232.166293496 1137.7956277 -11.7738460919 
1114.30401605 -232.166293496 1120 -234 1120.91422884 -232.166293496 1138.23311673 -11.7692559656 
1114.30401605 -233.00633004 1119 -233 1114.30401605 -245.187078988 1138.40475668 -11.81064608 
1114.8614648 -233.004414963 1116 -232 1123.16512655 -232.975888301 1138.95001781 -11.8048120176 
1114.58535675 -232.289650175 1113 -232 1111.0347812 -223.098225237 1138.53370572 -11.7724454152 
1116.40082893 -233.002924592 1121 -234 1139.75310125 -242.177715911 1140.45656371 -11.7889173322 
1115.44684266 -233.666344269 1109 -235 1099.52920134 -244.735766053 1139.65855379 -11.8313657123 
1114.41961301 -233.12547217 1110 -231 1097.32398509 -224.124030089 1138.54229594 -11.8153241642 
1114.43236267 -232.99963969 1114 -233 1114.56347806 -231.705599902 1138.52901723 -11.8089945124 
1114.02187125 -233.146773571 1110 -230 1107.89329993 -235.343458901 1138.1573475 -11.8204735689 
1114.54116775 -232.856663696 1115 -232 1121.99147732 -228.694478115 1138.60627103 -11.8008316008 
1112.67977279 -232.490764684 1111 -233 1087.89427012 -227.61861709 1136.70938786 -11.8019661578 
1112.22125195 -232.140349234 1101 -230 1105.58248192 -227.066801066 1136.18891696 -11.7893981442 
1111.32080653 -231.974340167 1109 -231 1097.84282646 -229.489495595 1135.27354833 -11.7904815706 
1110.44227292 -231.969208123 1106 -230 1097.64204891 -231.89443431 1134.41251536 -11.7992945393 
1109.1772443 -231.203743271 1114 -229 1090.2104211 -219.726978009 1133.01779782 -11.7744846725 
1111.27460564 -230.654995363 1116 -234 1141.85346884 -222.654424891 1134.95946008 -11.7257593451 
1112.25349882 -230.487894596 1113 -230 1128.64952425 -227.689031047 1135.88402365 -11.7074716677 
1111.50738127 -230.704082171 1112 -232 1105.39373642 -232.47551091 1135.19735384 -11.7257975033 
1112.80851719 -231.131384029 1119 -234 1132.15174302 -237.483830567 1136.55818708 -11.7335587404 
1110.85369099 -230.988908364 1100 -228 1083.5961861 -229.002270807 1134.61526456 -11.7465890651 
1110.82471561 -230.135280409 1102 -229 1110.39296537 -217.415717881 1134.41341499 -11.7046757536 
1111.65042461 -230.428123025 1112 -232 1123.73779912 -234.714982425 1135.28136883 -11.710693804 
1110.27793744 -230.16105401 1104 -229 1089.11297309 -226.042613917 1133.88324318 -11.7115560497 
1111.13322869 -230.307282995 1099 -231 1124.02882224 -232.512040221 1134.75041154 -11.7100197639 
1111.40505311 -231.602344787 1118 -233 1115.89993631 -253.017460275 1135.28007038 -11.7712348785 
1111.94951972 -231.602344787 1122 -235 1119.81982312 -231.602344787 1135.81309225 -11.7656317968 
1112.16050884 -232.196448844 1114 -233 1115.69254828 -242.141980758 1136.14091919 -11.7927934525 
1111.95597285 -231.996563907 1111 -231 1109.95450547 -230.040608924 1135.89985968 -11.7850323996 
1109.08311239 -231.996563907 1111 -234 1061.24073254 -231.996563907 1133.0877088 -11.8147022368 
1109.43803814 -231.667225893 1104 -230 1114.9491976 -226.553383692 1133.36775322 -11.7947320106 
1112.39352263 -231.997117006 1114 -232 1155.73623114 -236.835029175 1136.32830268 -11.7805537353 
1109.35949284 -232.15904141 1107 -233 1081.32820679 -233.655054836 1133.39150556 -11.8198812026 
1111.50603693 -232.138846132 1112 -232 1134.14484132 -231.925854027 1135.48849137 -11.7966974485 
1111.50603693 -232.338282838 1104 -230 1111.50603693 -235.324755432 1135.52928091 -11.8065479531 
1111.50603693 -232.507529598 1122 -235 1111.50603693 -235.026887801 1135.56392223 -11.8149067717 
1111.70935076 -232.328820893 1113 -233 1114.63864699 -229.754029223 1135.72635858 -11.8039820685 
1111.40720493 -232.185217711 1112 -230 1106.83509305 -230.012194758 1135.40122886 -11.8000076892 
1109.51238783 -232.396247214 1100 -232 1081.76737875 -235.486263382 1133.58976463 -11.8300332932 
1109.14632798 -232.179806438 1108 -231 1103.66195352 -228.937051842 1133.18711579 -11.8231165655 
1110.40614594 -232.000370046 1107 -231 1128.70229839 -229.394441509 1134.3835245 -11.801208342 
1110.26557354 -232.000369195 1113 -232 1108.34852042 -232.00035758 1134.24592355 -11.8026605594 
1109.15019504 -231.830164903 1105 -230 1092.70053431 -229.31998307 1133.11931433 -11.8057720744 
1108.18634838 -230.854452027 1104 -229 1093.7436136 -216.233908213 1131.97648419 -11.767411673 
1108.72436293 -231.493439618 1108 -233 1116.5002528 -240.728686443 1132.6336237 -11.7935059268 
1105.99058965 -231.5173411 1104 -233 1064.69129843 -231.878422357 1129.9625939 -11.8230238386 
1106.69926233 -231.004479899 1111 -231 1117.06194916 -223.505079792 1130.55133761 -11.7902250545 
1106.13515476 -231.34705329 1107 -231 1097.61226784 -236.522864465 1130.06921897 -11.8130714596 
1106.97932148 -230.998971394 1107 -229 1120.00834087 -225.626613486 1130.82436434 -11.7870524471 
1106.66384489 -230.833490268 1106 -230 1102.42307589 -228.609023409 1130.48174059 -11.7821084694 
1106.59357203 -230.989122157 1112 -232 1105.45095051 -233.519662941 1130.44473912 -11.7905576382 
1107.31776256 -230.981551508 1116 -232 1119.25370327 -230.856773818 1131.15211374 -11.7826868243 
1108.47159058 -231.18670781 1114 -233 1119.81287784 -233.203244509 1132.32352311 -11.780927026 
1109.26231031 -232.143671407 1119 -235 1120.890767 -246.216938302 1133.29323533 -11.8201270279 
1109.01167427 -231.858536133 1106 -231 1105.38437304 -227.7319486 1132.98952972 -11.8086096676 
1110.84395306 -231.670475927 1114 -234 1138.03710462 -228.879443406 1134.74468383 -11.780382318 
1110.49578538 -231.66532265 1109 -231 1106.02052835 -231.599083766 1134.4027993 -11.7837177023 
1112.58181571 -232.009385003 1114 -233 1142.96002619 -237.019857948 1136.51513469 -11.7792211515 
1112.68035109 -232.007988972 1110 -232 1114.32186898 -231.984732249 1136.61131027 -11.7781382717 
1111.72023978 -232.404349532 1109 -231 1095.74316568 -239.000128562 1135.75247004 -11.8075993474 
1113.13305612 -232.796056153 1127 -235 1127.11225221 -236.671820837 1137.21554878 -11.8123513971 
1112.51680408 -232.794288938 1111 -232 1102.32337281 -232.765057414 1136.61199199 -11.8186233866 
1111.1545558 -232.597763171 1111 -232 1088.29525018 -229.299948375 1135.23837422 -11.8229965449 
1110.55265579 -231.637121392 1101 -231 1100.95234874 -216.314881882 1134.45271267 -11.7817368431 
1112.02067086 -232.202622579 1118 -232 1126.78309461 -237.88932723 1136.00529504 -11.7945396806 
1112.1602292 -231.784084186 1115 -232 1114.16958123 -225.757995008 1136.05644098 -11.7724381319 
1113.19879336 -232.143287163 1117 -232 1130.71932146 -238.203024333 1137.14645464 -11.7794797262 
1113.07214038 -232.0 1113 -232 1110.99955623 -229.655209433 1136.99322324 -11.7737141346 
1113.71136982 -232.143441006 1115 -233 1120.38820814 -233.641701804 1137.64827274 -11.7742172821 
1113.91503274 -232.143441006 1111 -231 1117.30738836 -232.143441006 1137.84765122 -11.772124621 
1113.53950536 -232.0 1115 -232 1107.30122758 -229.617151582 1137.45075937 -11.76891043 
1113.52314731 -231.751324899 1111 -229 1113.36014632 -229.273382703 1137.38404956 -11.7568148241 
1114.13988079 -231.752949893 1116 -232 1124.1738905 -231.779387896 1137.98818261 -11.7505679283 
1115.00869365 -231.877354073 1116 -232 1128.85242345 -233.8596197 1138.86412457 -11.7477939633 
1115.30084368 -232.001896804 1123 -234 1120.13537043 -234.062841851 1139.17551415 -11.7509349904 
1114.26441767 -231.876889205 1102 -231 1104.40001833 -230.68710348 1138.13535409 -11.7553997268 
1113.75272731 -231.876463392 1113 -232 1105.46798987 -231.869569085 1137.63431377 -11.7606291109 
1114.25766327 -231.859053126 1117 -234 1122.6530923 -231.569577504 1138.12510765 -11.7545899269 
1114.13331749 -231.716863495 1114 -232 1112.09495569 -229.385992901 1137.97440831 -11.7488563911 
1114.13611569 -231.856974663 1111 -232 1114.16364688 -233.235517407 1138.00568583 -11.7557341663 
1114.01564668 -231.993322019 1121 -233 1112.53083472 -233.673838799 1137.915534 -11.7636913083 
1115.41090033 -232.281872136 1122 -233 1136.00068889 -236.540012529 1139.34031118 -11.7635923066 
1114.22815084 -232.281880446 1107 -232 1096.83226049 -232.282002671 1138.18243006 -11.7757312261 
1112.41126965 -232.281736334 1106 -232 1085.67718083 -232.279615822 1136.40381814 -11.7944188751 
1112.41126965 -232.281736334 1122 -234 1112.41126965 -232.281736334 1136.40381814 -11.7944188751 
1112.80277356 -232.281736334 1109 -229 1118.58191907 -232.281736334 1136.78705916 -11.7903855614 
1112.9711408 -232.287953256 1114 -232 1115.49084603 -232.380992792 1136.95314481 -11.7889585493 
1111.10058413 -232.250874146 1108 -232 1079.72358834 -231.628903642 1135.11452136 -11.8064166848 
1111.31425443 -232.380327466 1115 -233 1113.40273812 -233.645646746 1135.35016127 -11.8106051281 
1111.31214212 -232.506619581 1111 -233 1111.27729527 -234.590066779 1135.37394958 -11.8168652566 
1110.5739985 -232.508789852 1106 -233 1098.26491304 -232.544980716 1134.65190411 -11.8246055599 
1109.37445629 -232.380153557 1109 -232 1090.24081872 -230.328303915 1133.45146347 -11.8306664498 
1109.38367304 -232.506205474 1107 -233 1109.53734468 -234.607879252 1133.4863341 -11.8368072908 
1109.93583293 -232.380271023 1107 -231 1115.40252822 -231.1334487 1134.00094514 -11.8248571257 
1108.86687171 -232.450444601 1111 -233 1093.14489534 -233.482537561 1132.96908536 -11.839408359 
1108.84404755 -232.560450291 1105 -232 1108.52372693 -234.104300585 1132.9693221 -11.8450899634 
1108.25898857 -232.619681511 1107 -230 1100.81088746 -233.373725339 1132.40889345 -11.8540992982 
1108.77292414 -232.745657373 1112 -233 1116.35372962 -234.603864025 1132.93774689 -11.8549952717 
1108.67123073 -232.746014355 1112 -233 1107.13358884 -232.751412059 1132.83829607 -11.856069572 
1107.1771834 -232.623164162 1107 -232 1085.48568241 -230.839549262 1131.35089691 -11.8655261867 
1108.0079038 -232.500916998 1112 -232 1121.98405282 -230.44421466 1132.13876856 -11.8508272682 
1109.39632955 -232.573646437 1118 -234 1121.53775729 -233.209646757 1133.51255707 -11.8400125193 
1109.72842625 -232.126290795 1104 -231 1114.64619028 -225.501745912 1133.74591285 -11.8144420933 
1110.17582612 -232.431381557 1105 -232 1116.37273767 -236.657177333 1134.24631894 -11.8248998772 
1110.62132777 -232.012861936 1114 -231 1116.44651216 -226.540482753 1134.59671329 -11.7996034683 
1110.81995938 -231.887757824 1112 -231 1113.75917739 -230.036550639 1134.76557684 -11.7913694219 
1111.26742174 -232.34028831 1110 -232 1117.97196481 -239.120769557 1135.29612533 -11.8091109855 
1111.13888608 -231.504460999 1104 -231 1109.25119095 -219.229368412 1134.99953287 -11.7691386099 
1111.30530036 -231.447913259 1113 -231 1113.79397733 -230.602258366 1135.15091824 -11.7646311532 
1111.44428262 -231.379272005 1108 -230 1113.52280619 -230.352720327 1135.27298958 -11.7598095392 
1111.11312844 -231.291036397 1110 -230 1106.57916165 -230.082966732 1134.93080305 -11.7588558334 
1109.98778765 -231.0 1110 -231 1093.70342891 -226.788528119 1133.76976884 -11.7560464539 
1110.48982203 -231.0 1114 -231 1117.98911919 -231.0 1134.26127714 -11.7508795535 
1110.12740031 -231.0 1108 -232 1104.89572925 -231.0 1133.90645333 -11.7546091212 
1110.12740031 -231.288322844 1116 -233 1110.12740031 -235.482211061 1133.96522574 -11.7688716833 
1109.81456744 -231.33691423 1103 -230 1105.1584418 -232.060136183 1133.66888551 -11.7745006731 
1109.77816661 -230.499793335 1102 -230 1109.22521267 -217.783341492 1133.46271832 -11.7334506473 
1109.48353825 -230.37642893 1108 -230 1105.63571649 -228.765300141 1133.14916081 -11.7303727927 
1108.78423636 -230.375109851 1115 -231 1098.48393385 -230.355680607 1132.4642043 -11.7375005113 
1108.98766335 -230.505413659 1102 -231 1111.92639199 -232.387796702 1132.68988836 -11.7418606522 
1107.29726679 -230.576417156 1100 -229 1082.01414644 -231.638410534 1131.04938936 -11.7628083068 
1104.61735507 -230.519912946 1099 -226 1080.41419073 -230.009604835 1128.41434384 -11.7877396173 
1104.61735507 -230.450736827 1114 -234 1104.61735507 -229.448951442 1128.40021412 -11.7843011973 
1103.59816425 -230.30026997 1103 -231 1093.9791275 -228.880176488 1127.37177652 -11.7873938244 
1103.02227479 -230.128912524 1103 -229 1093.83264247 -227.39451292 1126.77302731 -11.7848462251 
1103.58752743 -230.128687579 1113 -230 1112.0495941 -230.125320051 1127.32632522 -11.7789675708 
1105.19665394 -230.387113086 1110 -232 1129.29405541 -234.257152593 1128.95432404 -11.7751359516 
1106.13588488 -230.442333348 1114 -234 1120.11048591 -231.26394293 1129.88506708 -11.7681577407 
1106.13588488 -230.69599209 1115 -233 1106.13588488 -234.495306012 1129.93682858 -11.7807496771 
1106.74878621 -230.400021429 1105 -229 1115.48670085 -226.180473748 1130.47646842 -11.7597228449 
1109.21392474 -230.668813538 1109 -231 1145.64733084 -234.641414633 1132.94467313 -11.7476226661 
1110.53030599 -231.493088654 1110 -232 1129.87304911 -243.604885203 1134.40143274 -11.7748458596 
1110.42570662 -231.014455624 1110 -230 1108.69507898 -223.095329421 1134.20144976 -11.7522541152 
1110.34908668 -231.017460212 1110 -233 1109.08246471 -231.067129749 1134.12704809 -11.7531911334 
1111.36883856 -232.223426377 1121 -234 1121.75163714 -244.502201304 1135.3714877 -11.8022910491 
1110.98631154 -232.008647581 1110 -231 1104.64320426 -228.447160779 1134.95312545 -11.7956274027 
1111.24596284 -231.680823698 1112 -229 1115.56115759 -226.232655896 1135.14034111 -11.7767509288 
1110.82922275 -231.680823698 1123 -235 1103.89643265 -231.680823698 1134.73237646 -11.7810456503 
1109.73121842 -231.363552552 1107 -231 1091.71678596 -226.158236396 1133.59272695 -11.7766783936 
1109.73121842 -231.690411444 1104 -232 1109.73121842 -235.285202747 1133.65948322 -11.7928502944 
1110.14852806 -232.00756296 1112 -233 1117.12844347 -237.312234998 1134.13282451 -11.8042257702 
1110.85865468 -232.171501119 1115 -233 1120.5663035 -234.412586038 1134.86147023 -11.8049932681 
1110.99370858 -232.002901162 1106 -231 1113.24165621 -229.196585516 1134.95919163 -11.7952670985 
1112.15925186 -232.3620623 1117 -234 1123.57399936 -235.879506716 1136.17354726 -11.8009818041 
1111.9904902 -232.369299673 1111 -234 1109.41167205 -232.479892735 1136.00983347 -11.8030798568 
1112.00235675 -232.625095207 1110 -233 1112.20161742 -236.920362895 1136.07379881 -11.815585251 
1112.7158233 -233.142919512 1117 -233 1123.33654868 -240.85129739 1136.87823637 -11.833766713 
1110.49659431 -232.661229359 1108 -232 1084.20819584 -226.955255458 1134.60739184 -11.8329411199 
1110.30335711 -232.57855607 1104 -232 1107.40202449 -231.337269664 1134.40130886 -11.8308555911 
1111.4786398 -232.677365169 1113 -231 1128.80437311 -234.133985016 1135.57189248 -11.8235773899 
1111.63549494 -233.015426618 1113 -235 1114.23047598 -238.608249832 1135.79472734 -11.838647966 
